{"/Users/crowdint/projects/reactapp/src/components/App/App.js": {"path":"/Users/crowdint/projects/reactapp/src/components/App/App.js","statementMap":{"0":{"start":{"line":9,"column":37},"end":{"line":9,"column":47}},"1":{"start":{"line":10,"column":4},"end":{"line":21,"column":6}}},"fnMap":{"0":{"name":"(anonymous_0)","decl":{"start":{"line":8,"column":2},"end":{"line":8,"column":3}},"loc":{"start":{"line":8,"column":11},"end":{"line":22,"column":3}}}},"branchMap":{},"s":{"0":1,"1":1},"f":{"0":1},"b":{},"_coverageSchema":"332fd63041d2c1bcb487cc26dd0d5f7d97098a6c","hash":"d24829932b60c5f30e0b4c12c79a41cf8932375f"}
}
